[debug] [2023-04-17T06:10:07.208Z] ----------------------------------------------------------------------
[debug] [2023-04-17T06:10:07.210Z] Command:       C:\Program Files\nodejs\node.exe C:\Users\박성현\AppData\Roaming\npm\node_modules\firebase-tools\lib\bin\firebase.js init
[debug] [2023-04-17T06:10:07.210Z] CLI Version:   11.25.2
[debug] [2023-04-17T06:10:07.210Z] Platform:      win32
[debug] [2023-04-17T06:10:07.211Z] Node Version:  v18.14.0
[debug] [2023-04-17T06:10:07.212Z] Time:          Mon Apr 17 2023 15:10:07 GMT+0900 (대한민국 표준시)
[debug] [2023-04-17T06:10:07.212Z] ----------------------------------------------------------------------
[debug] 
[debug] [2023-04-17T06:10:07.215Z] >>> [apiv2][query] GET https://firebase-public.firebaseio.com/cli.json [none]
[debug] [2023-04-17T06:10:07.255Z] > command requires scopes: ["email","openid","https://www.googleapis.com/auth/cloudplatformprojects.readonly","https://www.googleapis.com/auth/firebase","https://www.googleapis.com/auth/cloud-platform"]
[debug] [2023-04-17T06:10:07.256Z] > authorizing via signed-in user (0112shpark@gmail.com)
[info] 
     ######## #### ########  ######## ########     ###     ######  ########
     ##        ##  ##     ## ##       ##     ##  ##   ##  ##       ##
     ######    ##  ########  ######   ########  #########  ######  ######
     ##        ##  ##    ##  ##       ##     ## ##     ##       ## ##
     ##       #### ##     ## ######## ########  ##     ##  ######  ########

You're about to initialize a Firebase project in this directory:

  C:\Users\박성현\capston\my-app

[debug] [2023-04-17T06:10:07.729Z] <<< [apiv2][status] GET https://firebase-public.firebaseio.com/cli.json 200
[debug] [2023-04-17T06:10:07.729Z] <<< [apiv2][body] GET https://firebase-public.firebaseio.com/cli.json {"cloudBuildErrorAfter":1594252800000,"cloudBuildWarnAfter":1590019200000,"defaultNode10After":1594252800000,"minVersion":"3.0.5","node8DeploysDisabledAfter":1613390400000,"node8RuntimeDisabledAfter":1615809600000,"node8WarnAfter":1600128000000}
[info] 
=== Project Setup
[info] 
[info] First, let's associate this project directory with a Firebase project.
[info] You can create multiple project aliases by running firebase use --add, 
[info] but for now we'll just set up a default project.
[info] 
